<?xml version="1.0" encoding="UTF-8"?>
<!-- Generated by org.testng.reporters.JUnitReportReporter -->
<testsuite hostname="DESKTOP-G5RJBHA" failures="0" tests="1" name="com.gameoflife.TC003_NewGame2" time="30.025" errors="0" timestamp="2021-07-05T22:01:19 IST" skipped="0">
  <testcase classname="com.gameoflife.TC003_NewGame2" name="tc001" time="30.025"/>
  <system-out>
Application Opened Clicked on NewGame button Clicked on 3rd check box Clicked on 4th check box clicked on Go button clicked on Next Generation button clicked on Home Link Application Closed  </system-out>
</testsuite> <!-- com.gameoflife.TC003_NewGame2 -->
