<?xml version="1.0" encoding="UTF-8"?>
<!-- Generated by org.testng.reporters.JUnitReportReporter -->
<testsuite hostname="DESKTOP-G5RJBHA" failures="0" tests="1" name="com.gameoflife.TC001_VerifyHomePage" time="11.686" errors="0" timestamp="2021-07-05T22:01:20 IST" skipped="0">
  <testcase classname="com.gameoflife.TC001_VerifyHomePage" name="tc001" time="11.686"/>
  <system-out>
Application Opened Title matched Application Closed  </system-out>
</testsuite> <!-- com.gameoflife.TC001_VerifyHomePage -->
