<?xml version="1.0" encoding="UTF-8"?>
<!-- Generated by org.testng.reporters.JUnitReportReporter -->
<testsuite hostname="DESKTOP-G5RJBHA" failures="0" tests="1" name="com.gameoflife.TC002_NewGame" time="29.839" errors="0" timestamp="2021-07-05T22:01:19 IST" skipped="0">
  <testcase classname="com.gameoflife.TC002_NewGame" name="tc001" time="29.839"/>
  <system-out>
Application Opened Clicked on NewGame button Clicked on 1st check box Clicked on 2nd check box clicked on Go button clicked on Next Generation button clicked on Home Link Application Closed  </system-out>
</testsuite> <!-- com.gameoflife.TC002_NewGame -->
