<?xml version="1.0" encoding="UTF-8"?>
<!-- Generated by org.testng.reporters.JUnitReportReporter -->
<testsuite hostname="DESKTOP-G5RJBHA" failures="0" tests="1" name="com.gameoflife.TC001" time="15.719" errors="0" timestamp="2021-07-05T21:31:17 IST" skipped="0">
  <testcase classname="com.gameoflife.TC001" name="tc001" time="15.719"/>
  <system-out>
Application Opened  </system-out>
</testsuite> <!-- com.gameoflife.TC001 -->
